<?xml version="1.0" encoding="UTF-8"?>
<!-- Generated by org.testng.reporters.JUnitReportReporter -->
<testsuite skipped="0" hostname="jaharon-lt" name="SeleniumTest" tests="1" failures="0" timestamp="17 Jul 2018 07:57:01 GMT" time="9.344" errors="0">
  <testcase name="testExperitest" time="9.344" classname="SeleniumTest"/>
</testsuite> <!-- SeleniumTest -->
